<?xml version="1.0" encoding="UTF-8"?>
<!-- Generated by org.testng.reporters.JUnitXMLReporter -->
<testsuite hostname="LAPTOP-S1G3HPGS" ignored="3" name="Smoke Test" tests="2" failures="0" timestamp="15 Jun 2019 18:41:41 GMT" time="16.41" errors="0">
  <testcase name="doLogin" time="3.441" classname="com.syntax.testcases.LoginPageTest"/>
  <testcase name="loginToOrangeHRM" time="1.328" classname="com.syntax.testcases.LoginPageTest"/>
  <testcase name="negativeLogin" time="0.0" classname="com.syntax.testcases.LoginPageTest">
    <ignored/>
  </testcase> <!-- negativeLogin -->
  <testcase name="addEmployee" time="0.0" classname="com.syntax.testcases.AddEmployeePageTest">
    <ignored/>
  </testcase> <!-- addEmployee -->
  <testcase name="addLocation" time="0.0" classname="com.syntax.testcases.LocationPageTest">
    <ignored/>
  </testcase> <!-- addLocation -->
</testsuite> <!-- Smoke Test -->
